<?xml version="1.0" encoding="UTF-8"?>
<testsuite xmlns:xsi="http://www.w3.org/2001/XMLSchema-instance" xsi:noNamespaceSchemaLocation="https://maven.apache.org/surefire/maven-surefire-plugin/xsd/surefire-test-report-3.0.xsd" version="3.0" name="pm.devshevtsov.application.AppTest" time="0.078" tests="1" errors="0" skipped="0" failures="1">
  <properties>
[...]
</properties>
  <testcase name="buildBasicQuery" classname="pm.devshevtsov.application.AppTest" time="0.046">
    <failure message="expected: &lt;INSERT INTO test (lastName, name, id, ) VALUES (Svetov, John, oers31sf1fgld34, );&gt; but was: &lt;INSERT INTO test (id, name, lastName) VALUES (&apos;oers31sf1fgld34&apos;, &apos;John&apos;, &apos;Svetov&apos;);&gt;" type="org.opentest4j.AssertionFailedError"><![CDATA[org.opentest4j.AssertionFailedError: expected: <INSERT INTO test (lastName, name, id, ) VALUES (Svetov, John, oers31sf1fgld34, );> but was: <INSERT INTO test (id, name, lastName) VALUES ('oers31sf1fgld34', 'John', 'Svetov');>
	at org.junit.jupiter.api.AssertionFailureBuilder.build(AssertionFailureBuilder.java:151)
	at org.junit.jupiter.api.AssertionFailureBuilder.buildAndThrow(AssertionFailureBuilder.java:132)
	at org.junit.jupiter.api.AssertEquals.failNotEqual(AssertEquals.java:197)
	at org.junit.jupiter.api.AssertEquals.assertEquals(AssertEquals.java:182)
	at org.junit.jupiter.api.AssertEquals.assertEquals(AssertEquals.java:177)
	at org.junit.jupiter.api.Assertions.assertEquals(Assertions.java:1141)
	at pm.devshevtsov.application.AppTest.buildBasicQuery(AppTest.java:31)
	at java.base/java.lang.reflect.Method.invoke(Method.java:568)
	at java.base/java.util.ArrayList.forEach(ArrayList.java:1511)
	at java.base/java.util.ArrayList.forEach(ArrayList.java:1511)
]]></failure>
  </testcase>
</testsuite>